This is pdfTeX, Version 3.1415926-2.4-1.40.13 (TeX Live 2012/Debian) (format=pdflatex 2015.1.28)  2 JUL 2015 16:55
entering extended mode
 restricted \write18 enabled.
 %&-line parsing enabled.
**JNI_MyHowTo.tex
(./JNI_MyHowTo.tex
LaTeX2e <2011/06/27>
Babel <v3.8m> and hyphenation patterns for english, dumylang, nohyphenation, lo
aded.
(/usr/share/texlive/texmf-dist/tex/latex/base/article.cls
Document Class: article 2007/10/19 v1.4h Standard LaTeX document class
(/usr/share/texlive/texmf-dist/tex/latex/base/size10.clo
File: size10.clo 2007/10/19 v1.4h Standard LaTeX file (size option)
)
\c@part=\count79
\c@section=\count80
\c@subsection=\count81
\c@subsubsection=\count82
\c@paragraph=\count83
\c@subparagraph=\count84
\c@figure=\count85
\c@table=\count86
\abovecaptionskip=\skip41
\belowcaptionskip=\skip42
\bibindent=\dimen102
)
(/usr/share/texlive/texmf-dist/tex/latex/base/inputenc.sty
Package: inputenc 2008/03/30 v1.1d Input encoding file
\inpenc@prehook=\toks14
\inpenc@posthook=\toks15

(/usr/share/texlive/texmf-dist/tex/latex/base/latin1.def
File: latin1.def 2008/03/30 v1.1d Input encoding file
))
(/usr/share/texlive/texmf-dist/tex/generic/babel/babel.sty
Package: babel 2008/07/08 v3.8m The Babel package

(/usr/share/texlive/texmf-dist/tex/generic/babel/spanish.ldf
Language: spanish.ldf 2011/10/06 v5.0k Spanish support from the babel system

(/usr/share/texlive/texmf-dist/tex/generic/babel/babel.def
File: babel.def 2008/07/08 v3.8m Babel common definitions
\babel@savecnt=\count87
\U@D=\dimen103
)

Package babel Warning: No hyphenation patterns were loaded for
(babel)                the language `Spanish'
(babel)                I will use the patterns loaded for \language=0 instead.

\l@spanish = a dialect from \language0
\es@datefmt=\count88
\es@quottoks=\toks16
\es@quotdepth=\count89
Package babel Info: Making " an active character on input line 496.
Package babel Info: Making . an active character on input line 599.
Package babel Info: Making < an active character on input line 644.
Package babel Info: Making > an active character on input line 644.
)) (./JNI_MyHowTo.aux
LaTeX Info: Redefining \. on input line 6.
LaTeX Info: Redefining \% on input line 6.
)
\openout1 = `JNI_MyHowTo.aux'.

LaTeX Font Info:    Checking defaults for OML/cmm/m/it on input line 22.
LaTeX Font Info:    ... okay on input line 22.
LaTeX Font Info:    Checking defaults for T1/cmr/m/n on input line 22.
LaTeX Font Info:    ... okay on input line 22.
LaTeX Font Info:    Checking defaults for OT1/cmr/m/n on input line 22.
LaTeX Font Info:    ... okay on input line 22.
LaTeX Font Info:    Checking defaults for OMS/cmsy/m/n on input line 22.
LaTeX Font Info:    ... okay on input line 22.
LaTeX Font Info:    Checking defaults for OMX/cmex/m/n on input line 22.
LaTeX Font Info:    ... okay on input line 22.
LaTeX Font Info:    Checking defaults for U/cmr/m/n on input line 22.
LaTeX Font Info:    ... okay on input line 22.
LaTeX Info: Redefining \. on input line 22.
LaTeX Info: Redefining \% on input line 22.
LaTeX Font Info:    External font `cmex10' loaded for size
(Font)              <12> on input line 23.
LaTeX Font Info:    External font `cmex10' loaded for size
(Font)              <8> on input line 23.
LaTeX Font Info:    External font `cmex10' loaded for size
(Font)              <6> on input line 23.
 [1

{/var/lib/texmf/fonts/map/pdftex/updmap/pdftex.map}]
Overfull \hbox (6.74693pt too wide) in paragraph at lines 109--109
[]    \OT1/cmtt/m/n/10 <property name="imagenes.dir" value="${classes.dir}/Imag
enes"/>[] 
 []


Overfull \hbox (53.99652pt too wide) in paragraph at lines 109--109
[]\OT1/cmtt/m/n/10 <jar destfile="${jar.dir}/${ant.project.name}.jar" basedir="
${classes.dir}">[] 
 []


Overfull \hbox (11.99689pt too wide) in paragraph at lines 109--109
[]                \OT1/cmtt/m/n/10 <attribute name="Main-Class" value="${main-c
lass}"/>[] 
 []


Overfull \hbox (11.99689pt too wide) in paragraph at lines 109--109
[]        \OT1/cmtt/m/n/10 <java jar="${jar.dir}/${ant.project.name}.jar" fork=
"true"/>[] 
 []


Overfull \hbox (17.24684pt too wide) in paragraph at lines 109--109
[]\OT1/cmtt/m/n/10 java -Djava.library.path=~/BibliotecaString/   u4.jni00.Ejem
ploString[] 
 []

[2] [3]
Overfull \hbox (64.49643pt too wide) in paragraph at lines 195--195
[]\OT1/cmtt/m/n/10 INCLUDE_DIRS:= ./BibliotecaString/include /usr/lib/jvm/java-
6-openjdk/include/[] 
 []


Overfull \hbox (179.99542pt too wide) in paragraph at lines 195--195
[]\OT1/cmtt/m/n/10 #ld -G BibliotecaString/objectfiles/*.o -o BibliotecaString/
lib/libBibliotecaString.so -lc -lpthread[] 
 []


Overfull \hbox (731.24062pt too wide) in paragraph at lines 195--195
[]\OT1/cmtt/m/n/10 #ld: BibliotecaString/objectfiles/bibliotecastring.o: reloca
tion R_X86_64_PC32 against symbol `_ZN7JNIEnv_17GetStringUTFCharsEP8_jstringPh'
 can not be used when making a shared object; recompile with -fPIC[] 
 []


Overfull \hbox (116.99597pt too wide) in paragraph at lines 195--195
[]\OT1/cmtt/m/n/10 # gcc -c -I/usr/lib/jvm/java-6-openjdk/include/ MyCJavaInter
face.c -o MyCJavaInterface.o[] 
 []


Overfull \hbox (22.4968pt too wide) in paragraph at lines 195--195
[]\OT1/cmtt/m/n/10 # ld -G MyCJavaInterface.o -o libMyCJavaInterface.so -lm -lc
 -lpthread[] 
 []

[4]
Overfull \hbox (11.99689pt too wide) in paragraph at lines 195--195
[]\OT1/cmtt/m/n/10 $(CC) $(CFLAGS) $(CPPFLAGS) -c $< -o BibliotecaString/object
files/$@[] 
 []


Overfull \hbox (69.74638pt too wide) in paragraph at lines 195--195
[]\OT1/cmtt/m/n/10 ld -G BibliotecaString/objectfiles/*.o -o BibliotecaString/l
ib/$@ -lc -lpthread[] 
 []


Overfull \hbox (27.74675pt too wide) in paragraph at lines 211--211
[] \OT1/cmtt/m/n/10 java -Djava.library.path=RutaANuestrabiblioteca pkgname.Cla
sePrincipal[] 
 []

[5] (./JNI_MyHowTo.aux
LaTeX Info: Redefining \. on input line 6.
LaTeX Info: Redefining \% on input line 6.
) ) 
Here is how much of TeX's memory you used:
 899 strings out of 495059
 10763 string characters out of 3182030
 68855 words of memory out of 3000000
 4140 multiletter control sequences out of 15000+200000
 7448 words of font info for 27 fonts, out of 3000000 for 9000
 14 hyphenation exceptions out of 8191
 25i,6n,27p,223b,237s stack positions out of 5000i,500n,10000p,200000b,50000s
</usr/share/texlive/texmf-dist/fonts/type1/public/amsfonts/cm/cmbx12.pfb></u
sr/share/texlive/texmf-dist/fonts/type1/public/amsfonts/cm/cmr10.pfb></usr/shar
e/texlive/texmf-dist/fonts/type1/public/amsfonts/cm/cmr12.pfb></usr/share/texli
ve/texmf-dist/fonts/type1/public/amsfonts/cm/cmr17.pfb></usr/share/texlive/texm
f-dist/fonts/type1/public/amsfonts/cm/cmtt10.pfb>
Output written on JNI_MyHowTo.pdf (5 pages, 82310 bytes).
PDF statistics:
 40 PDF objects out of 1000 (max. 8388607)
 27 compressed objects within 1 object stream
 0 named destinations out of 1000 (max. 500000)
 1 words of extra memory for PDF output out of 10000 (max. 10000000)

